67.489609
36.183300
3.805676
5.000233
8.296941
23.923243
8.937128
25.940987
5.534382
14.032016
10.961112
31.011883
1.597391
1.555127
1.667040
2.348695
3.642260
9.318620
9.309009
26.371971
1.441545
2.283998
3.392555
8.371325
7.263500
19.555117
2.920814
6.626325
5.928308
15.017187
3.915945
9.145824
5.238048
12.548371
4.029859
9.126719
4.577601
10.406542
4.053226
8.921070
4.117025
8.970004
3.907642
8.340606
3.824687
8.049696
3.706045
7.685133
3.610443
7.388703
3.518330
7.110254
3.433341
6.856628
3.354629
6.624643
3.279809
6.407860
3.209304
6.205905
3.142902
6.017651
3.079683
5.841084
3.020222
5.675284
2.961112
5.512842
2.905596
5.363312
2.852673
5.222939
2.803398
5.093470
2.757456
4.970007
2.712839
4.857723
2.670183
4.744208
2.628574
4.637481
2.588186
4.537941
2.549103
4.436661
2.511497
4.343006
2.476508
4.259149
2.442358
4.171561
2.408118
4.091190
2.375538
4.009000
2.343258
3.931981
2.311956
3.858881
2.281279
3.782778
2.250894
3.710785
2.221428
3.644115
2.192225
3.574063
2.163240
3.507415
2.136453
3.448983
2.111065
3.388387
2.084836
3.330698
2.059658
3.271584
2.034117
3.217355
2.010613
3.162668
1.986441
3.112654
1.963399
3.059626
1.939745
3.008514
1.916832
2.961510
1.895016
2.912172
1.872449
2.864652
1.850412
2.817496
1.828621
2.773731
1.807888
2.728373
1.786752
2.684349
1.765994
2.638204
1.744607
2.595233
1.724663
2.557400
1.705657
2.515753
1.685830
2.475873
1.666480
2.437377
1.647586
2.399688
1.628929
2.365668
1.611648
2.328618
1.594216
2.294068
1.577038
2.262481
1.560950
2.229097
1.543836
2.195889
1.528110
2.168299
1.513354
2.139076
1.498681
2.111383
1.483185
2.078740
1.467579
2.049271
1.451711
2.022889
1.437236
1.992462
1.421857
1.965703
1.406292
1.937305
1.391909
1.909290
1.376378
1.880287
1.361698
1.853548
1.346661
1.828655
1.333630
1.802806
1.319009
1.776779
1.305578
1.752564
1.291663
1.728080
1.278291
1.704400
1.264756
1.682628
1.252962
1.659752
1.239701
1.636528
1.226881
1.614173
1.213993
1.592038
1.202173
1.571537
1.189990
1.550538
1.178391
1.530729
1.166436
1.510292
1.154653
1.490069
1.142660
1.469850
1.131136
1.450691
1.119623
1.431564
1.108619
1.413152
1.097553
1.394992
1.086926
1.377446
1.076256
1.359814
1.065857
1.342910
1.055369
1.325576
1.045486
1.309499
1.035414
1.293248
1.025835
1.277694
1.016099
1.261969
1.006785
1.247170
0.997430
1.232242
0.988424
1.216763
0.978810
1.202875
0.970362
1.188419
0.961246
1.175360
0.953209
1.161580
0.944356
1.148995
0.936367
1.135436
0.928109
1.123789
0.920420
1.110762
0.912799
1.100136
0.905777
1.089274
0.898904
1.078695
0.891730
1.067699
0.884643
1.056901
0.877980
1.046467
0.870943
1.034799
0.863382
1.024507
0.856828
1.014595
0.850096
1.004527
0.843441
0.994587
0.837039
0.983949
0.830492
0.975230
0.824644
0.966518
0.818941
0.958064
0.813043
0.949313
0.807156
0.940650
0.801469
0.932269
0.795612
0.923688
0.789880
0.915307
0.784077
0.906874
0.778479
0.898676
0.772788
0.890452
0.767278
0.882493
0.761721
0.874507
0.756360
0.866809
0.751062
0.859232
0.745837
0.851786
0.740830
0.844644
0.735717
0.837377
0.730726
0.830425
0.725961
0.823670
0.721090
0.816808
0.716389
0.810176
0.711642
0.803609
0.707066
0.797162
0.702594
0.790902
0.698179
0.784805
0.693879
0.778835
0.689751
0.773095
0.685531
0.767203
0.681373
0.761523
0.677369
0.756737
0.673779
0.750992
0.669663
0.745326
0.665727
0.739897
0.661738
0.735252
0.658461
0.729991
0.654514
0.724649
0.650640
0.720100
0.647408
0.714904
0.643597
0.709826
0.639933
0.705568
0.636819
0.700626
0.633129
0.695693
0.629507
0.690808
0.626002
0.686735
0.623076
0.682173
0.619740
0.677680
0.616351
0.673888
0.613500
0.669375
0.610242
0.665108
0.607026
0.660781
0.603842
0.657268
0.601222
0.653265
0.598153
0.649136
0.595062
0.645839
0.592626
0.642061
0.589743
0.638109
0.586735
0.634162
0.583830
0.631196
0.581492
0.627330
0.578748
0.623714
0.575925
0.620927
0.573858
0.617319
0.571121
0.613970
0.568452
0.610361
0.565843
0.607793
0.563821
0.604351
0.561079
0.600822
0.558491
0.597633
0.556073
0.595018
0.553839
0.591759
0.551560
0.588585
0.549057
0.585474
0.546516
0.582969
0.544748
0.579926
0.542330
0.577038
0.539957
0.573874
0.537643
0.571648
0.535944
0.568751
0.533467
0.565627
0.531228
0.562642
0.528943
0.560494
0.527159
0.557516
0.524720
0.554439
0.522545
0.551818
0.520382
0.549663
0.518529
0.546737
0.516473
0.544154
0.514361
0.541629
0.512422
0.539577
0.510726
0.537067
0.508839
0.534618
0.506885
0.532277
0.505101
0.530436
0.503395
0.527951
0.501577
0.525586
0.499724
0.523428
0.498002
0.521747
0.496630
0.519588
0.494787
0.517219
0.493017
0.515646
0.491711
0.513414
