0.494218
0.465534
0.441772
0.419926
0.398791
0.378773
0.359284
0.340885
0.323585
0.306924
0.290817
0.275707
0.261583
0.248281
0.236211
0.224994
0.215070
0.206208
0.198375
0.191401
0.185117
0.179774
0.175224
0.171052
0.167600
0.164671
0.161918
0.159665
0.157721
0.156139
0.154487
0.153140
0.151929
0.150911
0.150055
0.149196
0.148495
0.147906
0.147248
0.146743
0.146270
0.145830
0.145465
0.145138
0.144711
0.144369
0.143945
0.143659
0.143319
0.143016
0.142711
0.142436
0.142152
0.141850
0.141572
0.141389
0.141229
0.140784
0.140527
0.140279
0.140000
0.139740
0.139482
0.139215
0.138953
0.138692
0.138440
0.138382
0.138108
0.137663
0.137521
0.137161
0.137021
0.136627
0.136358
0.136220
0.135855
0.135578
0.135354
0.135048
0.134798
0.134555
0.134226
0.133953
0.133675
0.133397
0.133123
0.132846
0.132581
0.132335
0.131983
0.131687
0.131501
0.131128
0.130894
0.130605
0.130247
0.129941
0.129637
0.129332
0.129089
0.128730
0.128419
0.128120
0.127828
0.127464
0.127171
0.126825
0.126559
0.126215
0.125892
0.125534
0.125197
0.124883
0.124519
0.124242
0.123865
0.123652
0.123315
0.123088
0.122561
0.122112
0.121780
0.121415
0.121051
0.120676
0.120450
0.120088
0.119688
0.119239
0.119021
0.118698
0.118256
0.117779
0.117514
0.117036
0.116721
0.116267
0.115930
0.115503
0.115124
0.114715
0.114358
0.114010
0.113543
0.113131
0.112764
0.112320
0.111901
0.111495
0.111096
0.110677
0.110268
0.109884
0.109441
0.109158
0.108745
0.108167
0.107775
0.107319
0.106950
0.106459
0.106020
0.105596
0.105150
0.104697
0.104260
0.103788
0.103591
0.103216
0.102503
0.102159
0.101574
0.101179
0.100772
0.100258
0.099876
0.099338
0.098900
0.098421
0.097974
0.097550
0.097109
0.096710
0.096135
0.095736
0.095213
0.094758
0.094318
0.093975
0.093458
0.093001
0.092502
0.092098
0.091595
0.091096
0.090680
0.090240
0.089743
0.089364
0.088820
0.088437
0.087901
0.087436
0.086975
0.086523
0.086051
0.085590
0.085141
0.084743
0.084292
0.083797
0.083332
0.082897
0.082468
0.082026
0.081524
0.081103
0.080672
0.080174
0.079733
0.079290
0.078845
0.078448
0.078077
0.077728
0.077098
0.076652
0.076219
0.075837
0.075423
0.074940
0.074519
0.074115
0.073703
0.073301
0.072960
0.072494
0.072281
0.071873
0.071441
0.070928
0.070549
0.070106
0.069718
0.069444
0.069118
0.068661
0.068191
0.067827
0.067503
0.067067
0.066695
0.066420
0.066178
0.065622
0.065291
0.064882
0.064511
0.064162
0.063823
0.063476
0.063101
0.062754
0.062406
0.062069
0.061728
0.061397
0.061062
0.060777
0.060440
0.060095
0.059767
0.059443
0.059159
0.058976
0.058519
0.058189
0.057941
0.057596
0.057301
0.057113
0.056972
0.056419
0.056215
0.055953
0.055575
0.055306
0.055047
0.054777
0.054513
0.054350
0.054019
0.053762
0.053744
0.053377
0.053053
0.052742
0.052508
0.052264
0.052026
0.051955
0.051593
0.051433
0.051281
0.050913
0.050668
0.050452
0.050268
0.050026
0.049862
0.049666
0.049393
0.049195
0.049009
0.048789
0.048652
0.048406
0.048199
0.048050
0.047845
0.047655
0.047449
0.047310
0.047119
0.047035
0.046783
0.046562
0.046392
0.046283
0.046052
0.045880
0.045721
0.045561
0.045396
0.045241
0.045089
0.044955
0.044785
0.044640
0.044489
0.044333
0.044225
0.044042
0.043935
0.043758
0.043621
0.043555
0.043350
0.043219
0.043083
0.042971
0.042835
0.042731
0.042565
0.042447
0.042319
0.042201
0.042088
0.042009
0.042016
0.041745
0.041626
0.041514
0.041398
0.041339
0.041179
0.041067
0.040956
0.040926
0.040763
0.040667
0.040626
0.040523
0.040362
0.040276
0.040146
0.040043
0.039949
0.039854
0.039820
0.039671
0.039607
0.039549
0.039395
0.039318
0.039222
0.039134
0.039057
0.038980
0.038890
0.038816
0.038749
0.038642
0.038649
0.038524
0.038397
0.038405
0.038242
0.038198
0.038093
0.038014
0.037943
0.037868
0.037824
0.037720
0.037683
0.037578
0.037507
0.037450
0.037424
0.037307
0.037251
0.037169
0.037104
0.037054
0.036968
0.036904
0.036839
0.036788
0.036736
0.036656
0.036663
0.036549
0.036552
0.036406
0.036423
0.036289
0.036330
0.036364
0.036181
0.036055
0.036002
0.035935
0.035878
0.035840
0.035824
0.035726
0.035655
0.035611
0.035562
0.035501
0.035456
0.035580
0.035338
0.035313
0.035240
0.035183
0.035133
0.035081
0.035030
0.035011
0.034937
0.034912
0.034833
0.034808
0.034738
0.034685
0.034642
0.034612
0.034542
0.034499
0.034487
0.034440
0.034357
0.034305
0.034263
0.034238
0.034232
0.034121
0.034075
0.034037
0.033997
0.033939
0.033888
0.033864
0.033796
0.033759
0.033722
0.033662
0.033625
0.033570
0.033553
0.033480
0.033437
0.033410
0.033412
0.033317
0.033290
0.033221
0.033177
0.033221
0.033095
0.033054
0.033037
0.033000
0.032927
0.032890
0.032866
0.032796
0.032763
0.032759
0.032727
0.032653
0.032591
0.032552
0.032590
0.032515
0.032432
0.032398
0.032367
0.032334
0.032287
0.032241
0.032211
0.032219
0.032120
0.032086
0.032044
0.032018
0.031969
0.031929
0.031919
0.031936
0.031839
0.031820
0.031742
0.031800
0.031679
0.031631
0.031609
0.031556
0.031535
0.031516
0.031463
0.031411
0.031376
0.031360
0.031326
0.031289
0.031234
0.031195
0.031160
0.031137
0.031140
0.031117
0.031034
0.030984
0.030963
0.030914
0.030937
0.030845
0.030837
0.030775
0.030762
0.030717
0.030700
0.030790
0.030615
0.030587
0.030568
0.030508
0.030475
0.030436
0.030473
0.030373
0.030370
0.030304
0.030291
0.030236
0.030240
0.030181
0.030144
0.030114
0.030113
0.030064
0.030050
0.030103
0.029940
0.029909
0.029871
0.029872
0.029894
0.029796
0.029742
0.029749
0.029686
0.029645
0.029612
0.029620
0.029564
0.029514
0.029509
0.029446
0.029478
0.029473
0.029374
0.029315
0.029283
0.029265
0.029219
0.029229
0.029155
0.029130
0.029101
0.029062
0.029024
0.029082
0.028963
0.028953
0.028946
0.028948
0.028855
0.028803
0.028768
0.028752
0.028707
0.028676
0.028695
0.028617
0.028578
0.028563
0.028533
0.028533
0.028532
0.028488
0.028385
0.028360
0.028319
0.028286
0.028357
0.028244
0.028213
0.028155
0.028124
0.028089
0.028101
0.028026
0.027995
0.027982
0.027938
0.027911
0.027893
0.027881
0.027828
0.027812
0.027798
0.027758
0.027735
0.027701
0.027669
0.027650
0.027621
0.027620
0.027569
0.027549
0.027522
0.027480
0.027470
0.027447
0.027403
0.027386
0.027387
0.027310
0.027256
0.027313
0.027176
0.027141
0.027113
0.027061
0.027027
0.027005
0.026980
0.026968
0.026849
0.026824
0.026773
0.026795
0.026710
0.026664
0.026654
0.026634
0.026544
0.026486
0.026461
0.026415
0.026371
0.026326
0.026299
0.026294
0.026239
0.026181
0.026117
0.026161
0.026088
0.026067
0.025977
0.025917
0.025907
0.025827
0.025794
0.025745
0.025748
0.025673
0.025666
0.025588
0.025541
0.025513
0.025466
0.025433
0.025370
0.025337
0.025299
0.025335
0.025235
0.025285
0.025126
0.025072
0.025049
0.024989
0.025022
0.024902
0.024870
0.024818
0.024802
0.024753
0.024681
0.024645
0.024599
0.024597
0.024525
0.024547
0.024455
0.024422
0.024342
0.024363
0.024270
0.024211
0.024183
0.024115
0.024052
0.024075
0.024022
0.023931
0.023877
0.023836
0.023780
0.023772
0.023700
0.023669
0.023623
0.023545
0.023508
0.023449
0.023413
0.023427
0.023329
0.023278
0.023227
0.023191
0.023122
0.023088
0.023049
0.023036
0.022965
0.022906
0.022855
0.022792
0.022760
0.022731
0.022672
0.022665
0.022581
0.022502
0.022474
0.022424
0.022352
0.022312
0.022254
0.022210
0.022162
0.022126
0.022088
0.022013
0.021966
0.021931
0.021891
0.021823
0.021768
0.021724
0.021676
0.021698
0.021559
0.021520
0.021485
0.021421
0.021377
0.021309
0.021297
0.021239
0.021230
0.021120
0.021062
0.021152
0.020956
0.020907
0.020872
0.020823
0.020875
0.020743
0.020642
0.020668
0.020539
0.020501
0.020478
0.020421
0.020336
0.020299
0.020236
0.020234
0.020289
0.020134
0.020010
0.019956
0.019954
0.019919
0.019814
0.019740
0.019706
0.019654
0.019614
0.019564
0.019478
0.019447
0.019418
0.019357
0.019261
0.019191
0.019196
0.019167
0.019053
0.018975
0.018989
0.018872
0.018840
0.018758
0.018706
0.018696
0.018614
0.018574
0.018503
0.018419
0.018385
0.018307
0.018279
0.018275
0.018154
0.018096
0.018033
0.018003
0.017970
0.017859
0.017821
0.017796
0.017698
0.017697
0.017585
0.017567
0.017482
0.017437
0.017434
0.017307
0.017273
0.017213
0.017151
0.017105
0.017047
0.017009
0.016963
0.016959
0.016814
0.016804
0.016748
0.016702
0.016607
0.016568
0.016537
0.016448
0.016433
0.016371
0.016289
0.016235
0.016174
0.016366
0.016053
0.016029
0.015985
0.015900
0.015846
0.015818
0.015789
0.015679
0.015633
0.015651
0.015529
0.015490
0.015513
0.015378
0.015311
0.015266
0.015218
0.015136
0.015105
0.015057
0.014976
0.014984
0.014914
0.014817
0.014794
0.014709
0.014666
0.014646
0.014600
0.014595
0.014457
0.014393
0.014361
0.014396
0.014379
0.014192
0.014157
0.014108
0.014029
0.014007
0.013937
0.013948
0.013877
0.013797
0.013811
0.013664
0.013628
0.013587
0.013525
0.013594
0.013437
0.013420
0.013317
0.013356
0.013211
0.013182
0.013122
0.013099
0.013079
0.012973
0.012917
0.012958
0.012821
0.012773
0.012794
0.012695
0.012757
0.012618
0.012542
0.012481
0.012415
0.012599
0.012321
0.012301
0.012237
0.012255
0.012146
0.012087
0.012035
0.012003
0.011956
0.011906
0.011853
0.011921
0.011773
0.011708
0.011674
0.011655
0.011567
0.011550
0.011510
0.011485
0.011385
0.011364
0.011299
0.011274
0.011243
0.011170
0.011124
0.011075
0.011015
0.010969
0.010946
0.010971
0.010883
0.010795
0.010763
0.010726
0.010661
0.010670
0.010579
0.010532
0.010509
0.010469
0.010429
0.010363
0.010354
0.010326
0.010261
0.010298
0.010149
0.010118
0.010069
0.010065
0.009993
0.009980
0.009910
0.009866
0.009836
0.009784
0.009740
0.009727
0.009759
0.009633
0.009578
0.009689
0.009537
0.009558
0.009434
0.009410
0.009353
0.009340
0.009283
0.009245
0.009345
0.009154
0.009119
0.009074
0.009050
0.009004
0.008999
0.008956
0.008922
0.008891
0.008815
0.008787
0.008804
0.008729
0.008674
0.008640
0.008605
0.008588
0.008542
0.008495
0.008466
0.008432
0.008425
0.008370
0.008311
0.008281
0.008236
0.008219
0.008200
0.008144
0.008191
0.008226
0.008040
0.007997
0.007968
0.007980
0.007901
0.007877
0.007866
0.007842
0.007802
0.007765
0.007705
0.007764
0.007657
0.007698
0.007662
0.007553
0.007507
0.007476
0.007440
0.007408
0.007387
0.007351
0.007362
0.007336
0.007319
0.007236
0.007208
0.007162
0.007173
0.007284
0.007092
0.007076
0.007070
0.007002
0.007001
0.006951
0.006906
0.006868
0.006836
0.006848
0.006782
0.006748
0.006822
0.006731
0.006694
0.006689
0.006694
0.006583
0.006551
0.006657
0.006516
0.006475
0.006614
0.006479
0.006453
0.006369
0.006335
0.006314
0.006290
0.006320
0.006336
0.006227
0.006184
0.006170
0.006128
0.006102
0.006152
0.006060
0.006210
0.006024
0.005977
0.006059
0.005926
0.005937
0.005964
0.005853
0.005828
0.005819
0.005803
0.005771
0.005761
0.005728
0.005727
0.005662
0.005685
0.005663
0.005592
0.005572
0.005557
0.005547
0.005497
0.005481
0.005461
0.005437
0.005459
0.005407
0.005389
0.005347
0.005340
0.005304
0.005277
0.005263
0.005249
0.005238
0.005230
0.005177
0.005149
0.005174
0.005107
0.005227
0.005131
0.005044
0.005024
0.005007
0.005014
0.004973
0.004937
0.005135
0.004907
0.004886
0.004874
0.004855
0.004850
0.004909
0.004812
0.004769
0.004747
0.004729
0.004716
0.004688
0.004696
0.004670
0.004634
0.004616
0.004597
0.004581
0.004594
0.004564
0.004529
0.004525
0.004534
0.004573
0.004465
0.004439
0.004414
0.004414
0.004561
0.004365
0.004351
0.004328
0.004312
0.004331
0.004312
0.004296
0.004280
0.004243
0.004290
0.004200
0.004176
0.004179
0.004150
0.004175
0.004123
0.004100
0.004090
0.004067
0.004048
0.004051
0.004023
0.004001
0.004007
0.004012
0.003984
0.003938
0.003920
0.003905
0.003891
0.003904
0.003858
0.003842
0.003927
0.003819
0.003868
0.003788
0.003888
0.003756
0.003796
0.003728
0.003778
0.003703
0.003729
0.003706
0.003669
0.003640
0.003626
0.003764
0.003622
0.003605
0.003645
0.003677
0.003607
0.003546
0.003518
0.003502
0.003489
0.003495
0.003464
0.003457
0.003438
0.003422
0.003410
0.003425
0.003447
0.003392
0.003362
0.003403
0.003337
0.003321
0.003311
0.003296
0.003288
0.003408
0.003294
0.003254
0.003267
0.003278
0.003244
0.003214
0.003189
0.003186
0.003197
0.003160
0.003158
0.003160
0.003235
0.003112
0.003132
0.003108
0.003110
0.003138
0.003138
0.003038
0.003055
0.003118
0.003004
0.002992
0.002986
0.002984
0.002978
0.002963
0.002937
0.002926
0.002918
0.002915
0.002958
0.002884
0.002869
0.002871
0.002867
0.002836
0.002885
0.002815
0.002804
0.002811
0.002789
0.002773
0.002777
0.002762
0.002765
0.002731
0.002728
0.002713
0.002733
0.002701
0.002750
0.002687
0.002712
0.002665
0.002664
0.002670
0.002625
0.002633
0.002618
0.002602
0.002584
0.002650
0.002567
0.002592
0.002554
0.002552
0.002600
0.002582
0.002545
0.002509
0.002493
0.002500
0.002494
0.002468
0.002457
0.002473
0.002437
0.002474
0.002425
0.002410
0.002419
0.002476
0.002386
0.002378
0.002441
0.002397
0.002379
0.002359
0.002364
0.002327
0.002403
0.002319
0.002327
0.002289
0.002297
0.002321
0.002254
0.002236
0.002193
0.002349
0.002142
0.002145
0.002118
0.002100
0.002084
0.002087
0.002087
0.002079
0.002050
0.002170
0.002036
0.002011
0.002013
0.001997
0.001997
0.002002
0.002041
0.001986
0.001969
0.001957
0.001948
0.001941
0.001957
0.001936
0.001920
0.001914
0.001964
0.001905
0.001899
0.001886
0.001945
0.001879
0.001955
0.001868
0.001862
0.001849
0.001848
0.001891
0.001888
0.001824
0.001816
0.001858
0.001811
0.001799
0.001794
0.001836
0.001798
0.001816
0.001788
0.001769
0.001804
0.001751
0.001777
0.001834
0.001734
0.001735
0.001724
0.001719
0.001711
0.001709
0.001714
0.001702
0.001689
0.001686
0.001680
0.001677
0.001670
0.001671
0.001672
0.001661
0.001646
0.001673
0.001650
0.001631
0.001638
0.001644
0.001616
0.001644
0.001698
0.001638
0.001597
0.001606
0.001601
0.001679
0.001592
0.001604
0.001569
0.001582
0.001567
0.001555
0.001554
0.001564
0.001559
0.001572
0.001592
0.001519
0.001526
0.001525
0.001521
0.001506
0.001499
0.001494
0.001612
0.001488
0.001479
0.001475
0.001478
0.001467
0.001475
0.001501
0.001466
0.001448
0.001445
0.001457
0.001440
0.001440
0.001517
0.001426
0.001429
0.001418
0.001463
0.001409
0.001442
0.001397
0.001410
0.001399
0.001386
0.001396
0.001387
0.001375
0.001419
0.001367
0.001363
0.001359
0.001374
0.001352
0.001354
0.001346
0.001411
0.001334
0.001350
0.001326
0.001329
0.001319
0.001314
0.001319
0.001310
0.001305
0.001303
0.001362
0.001308
0.001288
0.001292
0.001287
0.001278
0.001273
0.001269
0.001265
0.001266
0.001298
0.001262
0.001266
0.001248
0.001252
0.001255
0.001238
0.001245
0.001235
0.001253
0.001233
0.001221
0.001298
0.001236
0.001213
0.001215
0.001203
0.001200
0.001196
0.001205
0.001204
0.001203
0.001193
0.001179
0.001177
0.001213
0.001171
0.001173
0.001168
0.001165
0.001157
0.001187
0.001200
0.001148
0.001151
0.001149
0.001137
0.001134
0.001156
0.001130
0.001128
0.001128
0.001129
0.001116
0.001140
0.001110
0.001118
0.001117
0.001107
0.001103
0.001096
0.001103
0.001091
0.001122
0.001084
0.001081
0.001082
0.001075
0.001076
0.001079
0.001074
0.001064
0.001067
0.001100
0.001055
0.001072
0.001051
0.001050
0.001052
0.001043
0.001038
0.001097
0.001074
0.001031
0.001051
0.001025
0.001065
0.001038
0.001017
0.001031
0.001014
0.001012
0.001013
0.001006
0.001027
0.001046
0.000997
0.001024
0.000992
0.001029
0.001003
0.001028
0.000994
0.001054
0.000976
0.000976
0.000977
0.000969
0.000967
0.000979
0.000985
0.000972
0.000961
0.000958
0.001006
0.000951
0.000947
0.000971
0.000946
0.000942
0.000949
0.000936
0.000997
0.000937
0.000985
0.000947
0.000945
0.000923
0.000924
0.000919
0.000925
0.000943
0.000911
0.000930
0.000912
0.000910
0.000914
0.000950
0.000964
0.000897
0.000896
0.000920
0.000919
0.000889
0.000970
0.000886
0.000899
0.000885
0.000877
0.000876
0.000878
0.000871
0.000871
0.000866
0.000862
0.000860
0.000858
0.000857
0.000881
0.000860
0.000848
0.000854
0.000844
0.000844
0.000844
0.000840
0.000885
0.000838
0.000846
0.000830
0.000828
0.000826
0.000825
0.000859
0.000819
0.000817
0.000831
0.000813
0.000812
0.000810
0.000809
0.000820
0.000804
0.000801
0.000819
0.000812
0.000799
0.000813
0.000798
0.000792
0.000799
0.000794
0.000788
0.000826
0.000781
0.000794
0.000782
0.000882
0.000805
0.000813
0.000772
0.000783
0.000769
0.000768
0.000762
0.000761
0.000758
0.000778
0.000756
0.000824
0.000818
0.000750
0.000758
0.000834
0.000754
0.000751
0.000769
0.000742
0.000792
0.000760
0.000764
0.000737
0.000737
0.000728
0.000728
0.000724
0.000739
0.000723
0.000760
0.000736
0.000719
0.000715
0.000714
0.000717
0.000711
0.000715
0.000724
0.000744
0.000725
0.000707
0.000699
0.000713
0.000706
0.000708
0.000741
0.000695
0.000697
0.000696
0.000685
0.000785
0.000683
0.000680
0.000681
0.000679
0.000678
0.000675
0.000690
0.000687
0.000675
0.000680
0.000684
0.000671
0.000703
0.000662
0.000660
0.000710
0.000659
0.000666
0.000659
0.000679
0.000653
0.000649
0.000659
0.000667
0.000647
0.000665
0.000651
0.000642
0.000657
0.000638
0.000662
0.000661
0.000657
0.000633
0.000635
0.000629
0.000648
0.000637
0.000641
0.000626
0.000623
0.000632
0.000636
0.000618
0.000629
0.000618
0.000614
0.000642
0.000626
0.000614
0.000610
0.000615
0.000615
0.000613
0.000605
0.000618
0.000607
0.000607
0.000602
0.000597
0.000600
0.000634
0.000599
0.000628
0.000662
0.000592
0.000591
0.000588
0.000608
0.000623
0.000583
0.000591
0.000582
0.000580
0.000581
0.000583
0.000578
0.000582
0.000573
0.000573
0.000581
0.000579
0.000610
0.000576
0.000569
0.000583
0.000570
0.000574
0.000581
0.000561
0.000560
0.000559
0.000561
0.000565
0.000562
0.000593
0.000565
0.000561
0.000556
0.000554
0.000550
0.000557
0.000548
0.000545
0.000549
0.000543
0.000573
0.000541
0.000555
0.000540
0.000537
0.000535
0.000535
0.000536
0.000535
0.000553
0.000533
0.000536
0.000540
0.000527
0.000531
0.000525
0.000523
0.000525
0.000551
0.000548
0.000557
0.000540
0.000523
0.000535
0.000532
0.000514
0.000521
0.000522
0.000531
0.000534
0.000534
0.000563
0.000508
0.000523
0.000511
0.000510
0.000506
0.000510
0.000503
0.000519
0.000503
0.000499
0.000502
0.000497
0.000513
0.000495
0.000494
0.000493
0.000500
0.000520
0.000491
0.000493
0.000488
0.000487
0.000511
0.000498
0.000485
0.000496
0.000500
0.000482
0.000504
0.000481
0.000501
0.000484
0.000478
0.000488
0.000484
0.000476
0.000545
0.000478
0.000491
0.000478
0.000471
0.000470
0.000470
0.000469
0.000479
0.000476
0.000477
0.000465
0.000480
0.000478
0.000463
0.000463
0.000494
0.000466
0.000460
0.000461
0.000458
0.000462
0.000474
0.000469
0.000459
0.000455
0.000464
0.000454
0.000451
0.000450
0.000452
0.000460
0.000471
