67.489609
36.183304
3.805676
5.000232
8.296937
23.923233
8.937137
25.941015
5.534361
14.031943
10.961138
31.011953
1.597384
1.555107
1.666991
2.348547
3.641995
9.317761
9.308985
26.372009
1.441564
2.284064
3.392670
8.371698
7.263563
19.555326
2.920745
6.626138
5.928283
15.017142
3.915987
9.145955
5.238049
12.548389
4.029870
9.126759
4.577610
10.406572
4.053232
8.921091
4.117034
8.970029
3.907644
8.340620
3.824693
8.049714
3.706047
7.685143
3.610447
7.388716
3.518332
7.110267
3.433344
6.856637
3.354631
6.624651
3.279814
6.407872
3.209307
6.205914
3.142904
6.017657
3.079684
5.841089
3.020224
5.675289
2.961113
5.512846
2.905597
5.363316
2.852674
5.222943
2.803400
5.093474
2.757457
4.970010
2.712841
4.857728
2.670185
4.744214
2.628576
4.637486
2.588187
4.537941
2.549103
4.436662
2.511500
4.343015
2.476510
4.259153
2.442359
4.171563
2.408118
4.091190
2.375538
4.009001
2.343258
3.931980
2.311955
3.858878
2.281277
3.782773
2.250893
3.710782
2.221426
3.644112
2.192225
3.574064
2.163240
3.507414
2.136454
3.448985
2.111066
3.388389
2.084836
3.330698
2.059659
3.271584
2.034118
3.217358
2.010614
3.162671
1.986441
3.112653
1.963400
3.059628
1.939745
3.008514
1.916833
2.961514
1.895017
2.912173
1.872449
2.864652
1.850412
2.817496
1.828621
2.773730
1.807887
2.728372
1.786753
2.684350
1.765995
2.638206
1.744609
2.595235
1.724663
2.557400
1.705659
2.515758
1.685833
2.475879
1.666482
2.437381
1.647587
2.399689
1.628930
2.365669
1.611650
2.328620
1.594216
2.294068
1.577038
2.262481
1.560949
2.229096
1.543836
2.195889
1.528111
2.168299
1.513354
2.139075
1.498681
2.111382
1.483185
2.078740
1.467579
2.049271
1.451712
2.022890
1.437237
1.992464
1.421859
1.965706
1.406294
1.937307
1.391910
1.909294
1.376379
1.880290
1.361700
1.853550
1.346662
1.828657
1.333632
1.802810
1.319010
1.776782
1.305579
1.752565
1.291665
1.728083
1.278291
1.704401
1.264757
1.682629
1.252962
1.659752
1.239700
1.636525
1.226879
1.614169
1.213991
1.592034
1.202172
1.571535
1.189989
1.550536
1.178391
1.530729
1.166436
1.510292
1.154654
1.490071
1.142662
1.469853
1.131137
1.450692
1.119623
1.431564
1.108619
1.413153
1.097553
1.394992
1.086925
1.377445
1.076257
1.359815
1.065857
1.342910
1.055369
1.325575
1.045486
1.309499
1.035415
1.293249
1.025836
1.277695
1.016099
1.261969
1.006785
1.247171
0.997430
1.232241
0.988423
1.216763
0.978810
1.202875
0.970362
1.188419
0.961246
1.175361
0.953210
1.161581
0.944357
1.148996
0.936367
1.135436
0.928110
1.123790
0.920421
1.110764
0.912800
1.100138
0.905777
1.089276
0.898904
1.078695
0.891730
1.067698
0.884642
1.056900
0.877980
1.046468
0.870945
1.034801
0.863384
1.024510
0.856830
1.014597
0.850097
1.004529
0.843442
0.994588
0.837039
0.983950
0.830492
0.975231
0.824644
0.966518
0.818941
0.958065
0.813043
0.949313
0.807155
0.940650
0.801468
0.932268
0.795611
0.923687
0.789879
0.915306
0.784077
0.906874
0.778478
0.898674
0.772788
0.890451
0.767278
0.882493
0.761721
0.874506
0.756359
0.866809
0.751061
0.859232
0.745837
0.851785
0.740830
0.844644
0.735717
0.837378
0.730726
0.830426
0.725961
0.823671
0.721091
0.816810
0.716391
0.810178
0.711644
0.803612
0.707068
0.797165
0.702597
0.790905
0.698181
0.784808
0.693881
0.778838
0.689753
0.773098
0.685532
0.767205
0.681374
0.761524
0.677370
0.756739
0.673781
0.750995
0.669664
0.745328
0.665729
0.739898
0.661739
0.735254
0.658463
0.729994
0.654515
0.724652
0.650641
0.720101
0.647408
0.714905
0.643597
0.709827
0.639933
0.705570
0.636820
0.700627
0.633130
0.695694
0.629508
0.690809
0.626004
0.686737
0.623077
0.682174
0.619741
0.677681
0.616352
0.673890
0.613501
0.669376
0.610243
0.665109
0.607025
0.660780
0.603841
0.657267
0.601222
0.653265
0.598153
0.649136
0.595063
0.645839
0.592626
0.642062
0.589744
0.638111
0.586737
0.634164
0.583832
0.631198
0.581493
0.627331
0.578749
0.623716
0.575927
0.620928
0.573858
0.617320
0.571121
0.613970
0.568454
0.610362
0.565843
0.607794
0.563822
0.604352
0.561080
0.600823
0.558492
0.597635
0.556074
0.595019
0.553841
0.591761
0.551562
0.588638
0.549095
0.585487
0.546524
0.582979
0.544755
0.579935
0.542336
0.577011
0.539938
0.573850
0.537625
0.571626
0.535928
0.568764
0.533476
0.565637
0.531236
0.562651
0.528950
0.560469
0.527141
0.557493
0.524704
0.554451
0.522554
0.551834
0.520393
0.549641
0.518671
0.546955
0.516482
0.544165
0.514369
0.541609
0.512406
0.539558
0.510711
0.537078
0.508846
0.534597
0.506869
0.532258
0.505086
0.530418
0.503381
0.527939
0.501567
0.525570
0.499711
0.523413
0.497990
0.521733
0.496619
0.519575
0.494777
0.517211
0.493011
0.515635
0.491702
0.513431
