33.315163
29.588337
28.864582
28.606874
28.399221
28.196524
28.112505
27.971659
27.893692
27.743196
27.667103
27.463993
27.312462
27.131021
26.991720
26.916931
26.820824
26.766123
26.719816
26.643881
26.562258
26.530367
26.381763
26.348427
26.247000
26.206259
26.074146
26.012070
25.915354
25.825445
25.789684
25.732431
25.681158
25.596584
25.599388
25.504528
25.552197
25.476049
25.487141
25.430086
25.386909
25.368185
25.426170
25.372347
25.319706
25.368670
25.288500
25.297209
25.240147
25.268906
25.263050
25.249092
25.244770
25.199209
25.200945
25.177311
25.178785
25.208733
25.133114
25.148960
25.134329
25.100973
25.088497
25.069168
25.017960
25.077040
24.987013
24.995789
24.962414
24.969923
24.969856
24.992800
25.016535
24.978628
24.912752
24.906364
24.890680
25.001881
24.921247
24.864115
24.793262
24.843006
24.793827
24.725113
24.733711
24.677113
24.653231
24.744532
24.675917
24.748131
24.660444
24.593370
24.619499
24.574203
24.607534
24.532196
24.522036
24.551098
24.579597
24.507343
24.470636
24.517673
24.448736
24.484411
24.402477
24.465029
24.457092
24.403910
24.400003
24.424858
24.407576
24.398056
24.401405
24.403807
24.397409
24.376724
24.398626
24.393099
24.376560
24.307018
24.390856
24.330898
24.360329
24.344160
24.346897
24.360340
24.292782
24.397713
24.315990
24.345535
24.269131
24.311544
24.338608
24.233688
24.287989
24.318197
24.285587
24.291986
24.301968
24.274048
24.313921
24.312073
24.235134
24.302490
24.224590
24.211948
24.275396
24.386234
24.202122
24.270226
24.237055
24.270012
24.253262
24.246784
24.193449
24.265184
24.229855
24.236362
24.277729
24.188421
24.170511
24.244740
24.273594
24.183590
24.187487
24.244764
24.233372
24.148352
24.150372
24.203945
24.178602
24.134373
24.224047
24.195965
24.152403
24.194818
24.176743
24.162062
24.179213
24.171041
24.196543
24.153152
24.154221
24.168444
24.165615
24.084190
24.127739
24.122755
24.147955
24.116947
24.155817
24.221359
24.085770
24.192020
24.188744
24.178463
24.094397
24.099440
24.115948
24.108465
