51323.125000
48914.117188
47776.363281
47229.402344
46397.167969
46044.003906
45871.316406
45928.148438
45567.679688
45523.273438
45574.378906
45369.269531
45403.035156
45362.753906
45338.281250
45242.859375
45173.472656
45267.519531
45013.183594
45107.484375
45035.164062
44958.640625
44959.371094
44684.507812
44727.550781
44666.375000
44674.054688
44562.359375
44612.089844
44328.253906
44432.546875
44396.742188
44393.925781
44220.015625
44235.953125
44383.738281
44195.003906
44259.945312
44075.390625
44104.375000
44101.218750
44221.722656
44164.207031
44120.082031
44275.085938
44034.210938
43970.597656
43992.195312
43947.867188
44226.273438
44124.449219
44188.414062
43893.308594
43982.589844
43925.722656
43966.886719
43793.265625
43993.062500
43834.128906
43791.703125
43815.097656
43874.281250
43589.554688
43956.007812
43618.320312
43692.582031
43635.394531
43741.492188
43560.234375
43606.250000
43847.910156
43669.644531
43634.539062
43644.839844
43606.261719
43551.445312
43739.945312
43769.664062
43699.433594
43651.828125
43692.437500
43604.339844
43473.015625
43605.492188
43733.375000
43402.046875
43994.156250
43890.476562
43516.632812
43645.789062
43427.828125
43580.597656
43500.031250
43453.835938
43343.703125
43469.257812
43399.628906
43480.371094
43764.101562
43399.605469
43291.457031
43367.714844
43202.296875
43348.042969
43272.421875
43404.972656
43404.984375
43343.656250
43372.343750
43290.531250
43518.398438
43313.027344
43386.351562
43151.527344
43169.281250
43351.523438
43114.070312
43219.207031
43212.984375
43277.953125
43409.726562
43719.457031
43686.574219
43415.289062
43120.015625
43188.316406
43609.914062
43309.742188
43251.769531
43154.523438
43105.925781
43183.269531
42964.750000
43257.402344
43367.363281
43045.062500
43094.078125
43088.292969
43138.757812
43122.820312
43294.066406
43120.160156
43228.136719
43218.472656
43738.507812
43407.406250
43113.250000
43372.671875
43113.378906
43337.957031
43005.226562
43272.949219
43067.136719
43079.179688
43820.628906
43226.617188
42975.945312
43055.476562
43045.632812
43196.191406
43507.523438
43199.335938
43080.707031
43081.593750
43194.742188
43003.140625
43170.769531
42992.906250
43012.433594
43116.636719
43340.375000
43710.914062
43122.972656
43005.531250
43112.718750
43277.644531
43001.105469
43100.289062
42966.554688
43200.546875
42967.441406
43059.089844
43030.886719
43093.109375
43081.386719
43030.125000
43518.304688
43134.277344
43004.167969
43282.160156
42908.906250
43024.414062
43032.710938
43122.539062
43003.304688
42987.179688
43350.937500
43185.789062
43177.363281
43199.968750
