52096.628906
50293.800781
48926.000000
48167.320312
47643.070312
47286.460938
46568.851562
46257.933594
46550.972656
45960.496094
45763.843750
45642.210938
46027.621094
45502.449219
45398.105469
45387.355469
45300.082031
45620.468750
45252.468750
45000.847656
45180.621094
45029.125000
44624.562500
44513.722656
44908.105469
44418.578125
44554.898438
44378.265625
44275.480469
44033.261719
44145.621094
44112.710938
44061.828125
44099.640625
44577.632812
44101.382812
44221.839844
43767.691406
44242.488281
43752.640625
43760.343750
43789.214844
43943.367188
43841.695312
43655.140625
43903.972656
43592.414062
43756.054688
43590.121094
43696.414062
43672.496094
43662.691406
43551.753906
43458.605469
43536.128906
43781.632812
43574.699219
43644.433594
43442.593750
43439.160156
43524.109375
43603.066406
43480.777344
43884.542969
43633.410156
43414.378906
43336.046875
43384.847656
43301.183594
43401.160156
43271.199219
43381.195312
43405.785156
43814.230469
43360.976562
43415.382812
43348.121094
43400.339844
43524.750000
44139.421875
43206.593750
43236.898438
43388.554688
43179.500000
43730.148438
43398.859375
43166.601562
43363.179688
43241.304688
43472.378906
43410.593750
43001.710938
43273.140625
43113.785156
45052.878906
43140.285156
43067.484375
43202.144531
43136.554688
43212.519531
43026.167969
43266.878906
43122.925781
43566.472656
43038.710938
43003.488281
43058.906250
43217.027344
43487.289062
43207.953125
43262.984375
43159.859375
42987.050781
42977.992188
43026.691406
43020.277344
43060.046875
43035.250000
42923.988281
42930.234375
43026.601562
42807.890625
42984.414062
43112.093750
43138.027344
42966.507812
42969.589844
43390.351562
42968.710938
42979.148438
43162.402344
43111.375000
42928.238281
42969.222656
43218.496094
43140.929688
43159.457031
43050.699219
43022.964844
42884.890625
42971.867188
43034.074219
42921.535156
42951.750000
43254.863281
42860.847656
43046.832031
43039.875000
42809.425781
42956.003906
42839.074219
43007.929688
42946.164062
42828.082031
42822.710938
42901.859375
42897.726562
42922.796875
42847.808594
43012.066406
43287.281250
42818.140625
42887.613281
43054.863281
43090.171875
42986.355469
42870.183594
42764.410156
42749.257812
43006.835938
42901.234375
42817.566406
43026.296875
43125.968750
42832.265625
42926.976562
43072.964844
42755.195312
43060.531250
42874.125000
42979.589844
42794.281250
42828.042969
42922.375000
42876.613281
42824.011719
43059.820312
42758.054688
42800.773438
42737.660156
42843.402344
42796.472656
42743.527344
43032.609375
43147.105469
42755.054688
42842.617188
43270.738281
42762.558594
43021.164062
