3.629097
3.378666
3.208838
3.031287
2.897715
2.747402
2.598182
2.474710
2.344935
2.235563
2.112252
1.994320
1.897821
1.797823
1.733919
1.630036
1.551729
1.497367
1.423433
1.394972
1.328713
1.305689
1.252760
1.224709
1.203241
1.183334
1.152702
1.140195
1.125022
1.116997
1.097068
1.098873
1.080709
1.066754
1.063083
1.055780
1.050623
1.059742
1.038626
1.035638
1.043894
1.036500
1.029140
1.038498
1.034449
1.028563
1.021555
1.017707
1.020979
1.023363
1.016062
1.021000
1.007355
1.009380
1.010996
0.996965
1.003231
0.995396
1.005935
0.996663
0.991548
0.994986
0.985909
0.990730
0.984909
0.981508
0.980202
0.984971
0.980520
0.979509
0.980942
0.977018
0.970844
0.970633
0.978935
0.964385
0.966937
0.976533
0.960448
0.951684
0.953548
0.958894
0.958355
0.947501
0.949273
0.953258
0.942322
0.948490
0.938505
0.938117
0.930409
0.937569
0.930467
0.932182
0.933221
0.925407
0.926997
0.925166
0.921670
0.911003
0.921018
0.922484
0.911311
0.911402
0.909361
0.903451
0.907556
0.900623
0.909315
0.900104
0.895470
0.890198
0.890033
0.887713
0.884823
0.877203
0.873153
0.874933
0.873549
0.872710
0.869183
0.875974
0.860861
0.863360
0.857104
0.863008
0.853939
0.854034
0.856346
0.842508
0.845469
0.836281
0.838030
0.841235
0.838674
0.831910
0.836402
0.824314
0.823915
0.822516
0.822243
0.826434
0.816134
0.808694
0.806440
0.802023
0.802551
0.804912
0.791140
0.786197
0.798821
0.786457
0.780896
0.777424
0.775066
0.778580
0.777574
0.773302
0.772534
0.761979
0.760889
0.758599
0.760808
0.747667
0.749572
0.747541
0.741214
0.739958
0.737793
0.734482
0.729570
0.725189
0.731793
0.715561
0.725561
0.710460
0.704620
0.707444
0.700236
0.702946
0.693513
0.692749
0.686180
0.684338
0.682307
0.677538
0.677081
0.674993
0.666368
0.667456
0.667320
0.664667
0.658377
0.656005
0.652503
0.645339
0.640620
0.641119
0.639757
0.644163
0.631694
0.628649
0.625467
0.621601
0.617827
0.615623
0.613974
0.605963
0.603643
0.601646
0.601203
0.599432
0.593401
0.591524
0.584053
0.586955
0.576372
0.575148
0.579146
0.570236
0.563883
0.567021
0.561592
0.554824
0.553155
0.554313
0.547054
0.545226
0.543306
0.539080
0.535682
0.538309
0.531992
0.529037
0.521991
0.518291
0.515652
0.515445
0.519786
0.509391
0.509752
0.508473
0.501900
0.499822
0.494576
0.494414
0.490709
0.486807
0.484356
0.484790
0.480612
0.477213
0.474119
0.469951
0.472322
0.465986
0.469514
0.466911
0.458076
0.460391
0.452786
0.450475
0.448435
0.445337
0.443904
0.440839
0.437516
0.437604
0.432930
0.435146
0.428153
0.428550
0.429529
0.422849
0.419805
0.421234
0.423935
0.415576
0.410420
0.408933
0.408378
0.405792
0.403172
0.403846
0.399874
0.402176
0.398769
0.392213
0.389677
0.388727
0.385005
0.387962
0.381059
0.380028
0.379234
0.378138
0.377718
0.373323
0.371465
0.370499
0.368281
0.366825
0.368096
0.363001
0.364633
0.365127
0.364398
0.360702
0.357705
0.358191
0.352964
0.353146
0.351515
0.349192
0.348321
0.345503
0.343623
0.342358
0.344230
0.340656
0.341950
0.340946
0.335815
0.337066
0.335511
0.332534
0.330200
0.334018
0.329005
0.327654
0.326906
0.325912
0.325088
0.321567
0.321817
0.319985
0.319804
0.317900
0.317566
0.316312
0.315420
0.315031
0.313225
0.312559
0.311264
0.308874
0.308285
0.308076
0.305859
0.305964
0.308197
0.303948
0.303044
0.302820
0.306479
0.301849
0.301602
0.298476
0.298048
0.296824
0.296637
0.297216
0.295512
0.298098
0.293534
0.291035
0.293484
0.288745
0.292139
0.287739
0.287646
0.288316
0.287048
0.287489
0.285979
0.286670
0.284092
0.284204
0.282901
0.280744
0.280833
0.281206
0.281204
0.280059
0.278651
0.277204
0.277373
0.276645
0.276116
0.275089
0.275269
0.275242
0.273834
0.273436
0.274196
0.271483
0.271685
0.270375
0.270913
0.272651
0.268731
0.267886
0.270428
0.268187
0.269066
0.267379
0.266899
0.265722
0.265871
0.264015
0.262729
0.262292
0.263670
0.263004
0.262056
0.261907
0.260162
0.260514
0.260336
0.261486
0.259899
0.258856
0.258809
0.258543
0.257411
0.258129
0.256762
0.256722
0.256951
0.256306
0.256039
0.256659
0.255581
0.255671
0.252922
0.254171
0.252610
0.251891
0.251337
0.251089
0.251400
0.250251
0.251178
0.249654
0.248478
0.250681
0.249771
0.248624
0.249337
0.247912
0.246617
0.246336
0.247948
0.247873
0.245639
0.246137
0.245481
0.245472
0.243770
0.245586
0.243871
0.243671
0.243287
0.242887
0.244480
0.242535
0.241256
0.241412
0.240670
0.240059
0.240677
0.240178
0.240799
0.240758
0.239337
0.240587
0.239280
0.238761
0.238986
0.237179
0.240386
0.237281
0.236908
0.237633
0.236698
0.236560
0.235084
0.235908
0.235816
0.234946
0.234288
0.233710
0.233296
0.233328
0.233392
0.233358
0.231900
0.231852
0.231273
0.232266
0.230703
0.232748
0.229972
0.230259
0.230700
0.230183
0.229568
0.229773
0.228811
0.228622
0.228981
0.228277
0.227057
0.228578
0.227603
0.227281
0.226344
0.226104
0.226461
0.227550
0.225811
0.225233
0.224977
0.225942
0.224945
0.225302
0.223753
0.223952
0.225065
0.224176
0.223220
0.224260
0.221781
0.222145
0.222377
0.221167
0.222580
0.223505
0.220239
0.222661
0.220210
0.220311
0.220107
0.219392
0.220195
0.220168
0.220111
0.219080
0.218235
0.219091
0.218615
0.218717
0.217796
0.217840
0.216728
0.217701
0.215649
0.216509
0.216068
0.216512
0.216227
0.215694
0.215691
0.214325
0.213559
0.215828
0.213850
0.213430
0.214192
0.213971
0.213159
0.212891
0.213534
0.212074
0.211947
0.212164
0.210883
0.212532
0.211931
0.211317
0.210475
0.211687
0.210844
0.210125
0.210215
0.210445
0.211135
0.208227
0.209878
0.208692
0.208883
0.208611
0.207983
0.207610
0.207431
0.207395
0.207560
0.206642
0.206893
0.207112
0.206386
0.206852
0.206212
0.205964
0.205308
0.204886
0.204226
0.205074
0.204147
0.204102
0.204036
0.204218
0.202734
0.203201
0.203992
0.203593
0.204643
0.201899
0.202525
0.202146
0.201208
0.200676
0.200348
0.201752
0.200775
0.199824
0.200017
0.201239
0.200138
0.200178
0.199514
0.199584
0.198035
0.199262
0.199236
0.198105
0.198647
0.197838
0.197409
0.197881
0.197473
0.197004
0.197779
0.196174
0.197165
0.195811
0.196437
0.195601
0.194844
0.194540
0.195293
0.194542
0.195336
0.195688
0.195066
0.195765
0.194520
0.194521
0.194148
0.192922
0.192855
0.193744
0.192300
0.192875
0.192450
0.191781
0.192519
0.192601
0.191505
0.190753
0.190488
0.190560
0.189293
0.191125
0.189576
0.188985
0.188745
0.190578
0.190034
0.188488
0.188662
0.187164
0.187432
0.187176
0.186567
0.186716
0.187184
0.185919
0.185212
0.184997
0.186146
0.185045
0.184248
0.184434
0.183539
0.183382
0.183286
0.182188
0.183417
0.183446
0.181872
0.181943
0.181785
0.180723
0.180063
0.180151
0.179587
0.179695
0.179919
0.180403
0.179986
0.179228
0.178320
0.177956
0.178057
0.177975
0.177021
0.177500
0.176793
0.176513
0.176943
0.175997
0.176035
0.175333
0.175066
0.174545
0.174944
0.175071
0.173759
0.173154
0.172339
0.173131
0.172178
0.172061
0.172609
0.171475
0.171387
0.170546
0.169839
0.169711
0.169451
0.169039
0.169113
0.168540
0.168718
0.168972
0.167550
0.166567
0.167767
0.167369
0.166226
0.166882
0.165944
0.166195
0.165286
0.164963
0.165572
0.165214
0.164285
0.163992
0.163409
0.162677
0.162485
0.163043
0.163210
0.161443
0.162142
0.161513
0.160355
0.160553
0.159910
0.159387
0.160000
0.159108
0.158669
0.158179
0.158225
0.156988
0.156807
0.157564
0.156651
0.155873
0.158007
0.157198
0.155171
0.155936
0.154273
0.154172
0.153932
0.152826
0.152741
0.153384
0.152921
0.153371
0.151498
0.151591
0.152179
0.151055
0.150580
0.150166
0.149300
0.149860
0.149676
0.147964
0.148320
0.147512
0.146807
0.147673
0.148175
0.146069
0.145558
0.145421
0.146748
0.145391
0.145067
0.143875
0.144697
0.144555
0.143455
0.142590
0.141931
0.142993
0.141835
0.141147
0.140955
0.141641
0.140846
0.139752
0.139596
0.139523
0.138881
0.138479
0.138972
0.137930
0.136724
0.137999
0.136853
0.135762
0.136317
0.134734
0.134746
0.134722
0.133519
0.133372
0.133149
0.132376
0.133123
0.131429
0.132621
0.130638
0.132168
0.131065
0.129617
0.129688
0.130631
0.128698
0.128094
0.128320
0.127490
0.127139
0.126989
0.126771
0.126876
0.126380
0.125248
0.125052
0.125044
0.124298
0.124404
0.124125
0.122775
0.122836
0.122213
0.121406
0.120901
0.120845
0.120445
0.121591
0.120090
0.119686
0.119752
0.118581
0.117738
0.118080
0.117502
0.116646
0.116458
0.117124
0.115472
0.115384
0.114963
0.114357
0.114778
0.114092
0.115034
0.114360
0.114082
0.112745
0.112886
0.112931
0.111134
0.111060
0.112318
0.110169
0.111019
0.110078
0.109127
0.109673
0.108919
0.108885
0.108555
0.107246
0.106074
0.106878
0.107081
0.105745
0.105548
0.105866
0.105061
0.104253
0.104939
0.103877
0.103203
0.102975
0.102485
0.103249
0.102532
0.101565
0.101807
0.101184
0.100105
0.099338
0.099212
0.098577
0.098521
0.099515
0.099039
0.099039
0.097861
0.097217
0.097791
0.096641
0.095846
0.095949
0.095414
0.095194
0.094406
0.093633
0.094951
0.093023
0.093793
0.093335
0.092562
0.091816
0.091778
0.091151
0.091185
0.090285
0.089573
0.090173
0.089240
0.089134
0.088979
0.088775
0.089079
0.087886
0.088818
0.088016
0.086781
0.085841
0.087137
0.085729
0.086485
0.084899
0.085203
0.083924
0.084518
0.083751
0.084262
0.083487
0.083998
0.082760
0.083452
0.082296
0.082443
0.082297
0.082346
0.081026
0.080440
0.079750
0.080361
0.081195
0.080066
0.079998
0.078837
0.078330
0.078585
0.078025
0.077470
0.076358
0.076224
0.077325
0.076834
0.075403
0.075058
0.075206
0.075658
0.074677
0.073640
0.074650
0.074728
0.072461
0.073044
0.073400
0.073509
0.072496
0.071940
0.071437
0.071608
0.072443
0.070225
0.070768
0.069561
0.069690
0.070281
0.069379
0.069297
0.068732
0.067989
0.068661
0.067985
0.068010
0.067567
0.067764
0.067088
0.065862
0.065830
0.066114
0.065844
0.064674
0.066050
0.066263
0.065076
0.063720
0.064231
0.063695
0.064110
0.063186
0.062386
0.063734
0.062175
0.062432
0.061472
0.061444
0.062810
0.061071
0.061469
0.060827
0.061071
0.060198
0.059820
0.060437
0.059827
0.059043
0.059396
0.058692
0.058376
0.058487
0.057625
0.057909
0.057347
0.057194
0.058080
0.056492
0.056819
0.056748
0.056125
0.055758
0.055093
0.055428
0.055494
0.054859
0.054043
0.055361
0.055003
0.054120
0.053522
0.054503
0.054215
0.052994
0.052820
0.051925
0.052066
0.051777
0.051415
0.052381
0.051810
0.051726
0.051094
0.051596
0.051094
0.049921
0.051709
0.050878
0.050942
0.049993
0.049201
0.048697
0.049334
0.048007
0.048662
0.048029
0.048885
0.047707
0.047557
0.048536
0.047123
0.046768
0.047767
0.048312
0.045838
0.047264
0.045885
0.045772
0.045491
0.045953
0.045479
0.045903
0.044633
0.044777
0.045001
0.044884
0.044831
0.044335
0.044682
0.044094
0.043840
0.043778
0.043878
0.043101
0.043705
0.043052
0.042397
0.042479
0.041696
0.043453
0.041859
0.041219
0.041414
0.041586
0.040579
0.042542
0.041029
0.041205
0.041046
0.040271
0.040425
0.040236
0.041456
0.039541
0.039923
0.040221
0.039030
0.039229
0.039084
0.038393
0.038280
0.039103
0.038671
0.038457
0.038417
0.038310
0.037325
0.037356
0.036962
0.037601
0.037157
0.036386
0.036978
0.035883
0.037183
0.036791
0.036540
0.036144
0.035817
0.035533
0.035231
0.035179
0.035060
0.035880
0.035223
0.034879
0.034237
0.034746
0.034657
0.034359
0.034327
0.034015
0.033525
0.033303
0.033837
0.034026
0.033342
0.033799
0.033183
0.033883
0.032879
0.032711
0.032149
0.031908
0.032035
0.032500
0.032550
0.032083
0.032265
0.031479
0.030976
0.031583
0.030964
0.031826
0.031299
0.031276
0.031865
0.030898
0.030236
0.030922
0.030802
0.030310
0.030683
0.029554
0.030251
0.029688
0.029506
0.029252
0.030235
0.029212
0.029493
0.028636
0.028965
0.029575
0.029277
0.028980
0.028588
0.028128
0.028159
0.028173
0.028858
0.028041
0.028310
0.027571
0.027267
0.027805
0.027363
0.027500
0.026981
0.027197
0.026927
0.027139
0.026882
0.026566
0.027197
0.026486
0.026810
0.026478
0.025702
0.026284
0.025954
0.025762
0.025572
0.026064
0.025817
0.025364
0.024923
0.025443
0.025833
0.025081
0.025386
0.024376
0.025170
0.024756
0.024049
0.024396
0.023989
0.024782
0.024547
0.023732
0.024954
0.023884
0.023958
0.024125
0.023410
0.023898
0.023881
0.023025
0.023793
0.023724
0.023652
0.022932
0.023584
0.023057
0.022912
0.022907
0.022983
0.022778
0.022226
0.023387
0.022815
0.022840
0.022310
0.022219
0.022164
0.022026
0.021678
0.021551
0.022109
0.021816
0.021417
0.021181
0.021505
0.021337
0.020977
0.021111
0.021453
0.021545
0.020984
0.021656
0.020851
0.021026
0.020717
0.020422
0.020379
0.020543
0.019990
0.021075
0.019935
0.020329
0.019812
0.020076
0.020010
0.019807
0.020114
0.019877
0.019662
0.019227
0.019632
0.019397
0.019753
0.019432
0.019141
0.018965
0.019260
0.018653
0.018904
0.019044
0.018801
0.018177
0.018700
0.018292
0.018194
0.018301
0.018099
0.018228
0.018624
0.017935
0.018361
0.017819
0.018053
0.018949
0.017650
0.017929
0.017983
0.017936
0.017547
0.017534
0.017458
0.017209
0.017439
0.017473
0.017300
0.016668
0.017369
0.017139
0.017274
0.016576
0.016652
0.016802
0.016702
0.017513
0.016961
0.016649
0.016290
0.016079
0.015777
0.015437
0.015592
0.015288
0.015957
0.015502
0.015344
0.014891
0.015108
0.014651
0.014789
0.015386
0.014825
0.014775
0.014928
0.014587
0.014458
0.014621
0.014524
0.014575
0.014095
0.014562
0.014044
0.014172
0.014127
0.014436
0.014176
0.013928
0.013896
0.014033
0.013660
0.013614
0.014078
0.013816
0.013947
0.014206
0.013465
0.013389
0.013185
0.013308
0.013101
0.013585
0.013232
0.013396
0.013371
0.013353
0.013321
0.013145
0.013169
0.013078
0.013254
0.013213
0.012661
0.012918
0.012871
0.012580
0.012899
0.012718
0.012428
0.012629
0.012465
0.012571
0.012938
0.012194
0.012416
0.012066
0.012273
0.012385
0.012251
0.012249
0.012282
0.012097
0.011788
0.012037
0.012071
0.011953
0.012097
0.011666
0.012009
0.011857
0.011961
0.011830
0.011539
0.011234
0.011685
0.011616
0.011503
0.012102
0.011312
0.011475
0.011401
0.011237
0.011076
0.011884
0.011156
0.011045
0.011718
0.011084
0.011356
0.010743
0.010842
0.010994
0.010917
0.010913
0.010937
0.011110
0.010961
0.010675
0.010990
0.010767
0.010998
0.010587
0.010918
0.010380
0.010676
0.010347
0.010457
0.010536
0.010347
0.010717
0.010548
0.010527
0.010041
0.010130
0.009951
0.010309
0.010217
0.010058
0.010098
0.009905
0.010340
0.010238
0.009924
0.009972
0.009795
0.009779
0.009725
0.009839
0.009700
0.009841
0.009428
0.009614
0.009895
0.009708
0.009513
0.010005
0.009508
0.009950
0.009404
0.009719
0.009758
0.009390
0.009537
0.009877
0.009231
0.009249
0.009394
0.009406
0.009368
0.009105
0.009402
0.009005
0.009182
0.009119
0.009124
0.009514
0.009066
0.009044
0.008800
0.009173
0.008922
0.008939
0.009044
0.008904
0.009107
0.009210
0.008638
0.009070
0.008729
0.008742
0.008550
0.008810
0.009279
0.008485
0.008862
0.008627
0.008695
0.008635
0.008637
0.008618
0.008648
0.008284
0.008405
0.008506
0.008367
0.008788
0.008511
0.008359
0.008333
0.008462
0.008185
0.008076
0.008364
0.008443
0.008292
0.008198
0.008091
0.008489
0.008340
0.008067
0.007955
0.008204
0.008022
0.008362
0.007783
0.007835
0.007986
0.007919
0.007861
0.007849
0.007851
0.007840
0.008028
0.007763
0.007983
0.007978
0.007502
0.007542
0.007566
0.007600
0.007720
0.007635
0.007718
0.007479
0.007381
0.007698
0.007755
0.007603
0.007289
0.007569
0.007587
0.007431
0.007443
0.007317
0.007578
0.007360
0.007483
0.007428
0.007445
0.007294
0.007329
0.007367
0.007418
0.007237
0.007161
0.007241
0.007422
0.007268
0.007278
0.007080
0.006980
0.006941
0.007265
0.006968
0.007067
0.007303
0.007324
0.006979
0.006801
0.006929
0.007228
0.006832
0.007096
0.006539
0.006992
0.006728
0.006947
0.006932
0.006692
0.006769
0.006825
0.006586
0.006590
0.006681
0.006843
0.006655
0.006560
0.006634
0.006672
0.006706
0.006873
0.006374
0.006564
0.006862
0.006719
0.006431
0.006508
0.006453
0.006835
0.006219
0.006750
0.006437
0.006433
0.006478
0.006407
0.006290
0.006097
0.006374
0.006303
0.006091
0.006207
0.006127
0.006428
0.006122
0.006377
0.006374
0.006280
0.006268
0.006159
0.005985
0.006069
0.006265
0.006157
0.006089
0.005902
0.006062
0.005926
0.006041
0.005978
0.006115
0.005853
0.006082
0.006026
0.005955
0.005807
0.005856
0.005944
0.006154
0.005897
0.005736
0.005921
0.006124
0.005788
0.005734
0.005804
0.005832
0.005685
0.005809
0.005710
0.005598
0.005837
0.005791
0.005870
0.005803
0.005524
0.005833
0.005619
0.005400
0.005609
0.005557
0.005461
0.005673
0.005601
0.005723
0.005479
0.005581
0.005439
0.005491
0.005391
0.005517
0.005513
0.005448
0.005416
0.005322
0.005214
0.005407
0.005339
0.005315
0.005114
0.005274
0.005188
0.005193
0.005340
0.005486
0.005154
0.005394
0.005151
0.005187
0.005201
0.005306
0.005155
0.004968
0.005275
0.005163
0.005037
0.005048
0.005095
0.004936
0.005044
0.005100
0.005027
0.005185
0.005171
0.005002
0.005011
0.004966
0.005041
0.005005
0.005026
0.005034
0.004986
0.004898
0.005128
0.004943
0.004966
0.005216
0.005006
0.004756
0.004837
0.004909
0.004819
0.004899
0.004734
0.004827
0.005004
0.004733
0.004808
0.004656
0.004622
0.004647
0.004816
0.004933
0.004973
0.004877
0.004709
0.004513
0.004657
0.004607
0.004718
0.004665
0.004667
0.004875
0.004644
0.004750
0.004609
0.004802
0.004544
0.004625
0.004703
0.004469
0.004457
0.004378
0.004628
0.004328
0.004406
0.004559
0.004545
0.004346
0.004467
0.004385
0.004574
0.004364
0.004612
0.004530
0.004514
0.004293
0.004477
0.004246
0.004170
0.004224
0.004258
0.004394
0.004326
0.004185
0.004258
0.004269
0.004434
0.004126
0.004208
0.004214
0.004432
0.004190
0.004211
0.004448
0.004314
0.004168
0.004015
0.004103
0.004172
0.004230
0.004086
0.004197
0.004242
0.004137
0.004009
0.004066
0.004312
0.004244
0.004089
0.004424
0.004023
0.004193
0.004435
0.003973
0.004004
0.004047
0.004052
0.004089
0.004166
0.004032
0.004145
0.004044
0.003903
0.003858
0.003875
0.003921
0.003875
0.003932
0.003916
0.004087
0.003927
0.003786
0.003959
0.003869
0.003839
0.003750
0.003826
0.003835
0.003736
0.003932
0.003704
0.003827
0.003827
0.003714
0.003939
0.003753
0.003793
0.003800
0.003772
0.003813
0.003599
0.003761
0.003707
0.003779
0.003705
0.003640
0.003795
0.003611
0.003664
0.003737
0.003637
0.003908
0.003649
0.003974
0.003859
0.003592
0.003645
0.003730
0.003494
0.003779
0.003672
0.003616
0.003594
0.003632
0.003546
0.003704
0.003498
0.003567
0.003646
0.003491
0.003575
0.003500
0.003495
0.003473
0.003445
0.003451
0.003518
0.003638
0.003453
0.003601
0.003483
0.003403
0.003548
0.003575
0.003500
0.003513
0.003398
0.003412
0.003541
0.003481
0.003519
0.003564
0.003400
0.003333
0.003364
0.003363
0.003477
0.003675
0.003604
0.003396
0.003373
0.003410
0.003312
0.003305
0.003261
0.003298
0.003489
0.003158
