33.225239
29.063627
28.283035
27.933960
27.577969
27.228436
27.041763
26.834728
26.706858
26.578018
26.469751
26.328859
26.267879
26.144466
26.017443
25.950771
25.790813
25.753092
25.701935
25.642241
25.560600
25.554003
25.469099
25.494007
25.448984
25.434650
25.324057
25.375954
25.379723
25.341379
25.357197
25.336845
25.348846
25.330250
25.304432
25.242744
25.321922
25.260517
25.244431
25.250498
25.238680
25.183937
25.225504
25.213615
25.181213
25.244976
25.180801
25.186106
25.150608
25.142212
25.181004
25.161688
25.178495
25.095221
25.118359
25.077154
25.096443
25.107000
25.065403
25.074232
25.059582
25.034998
25.040499
25.035080
24.982092
25.024618
24.949739
24.963648
24.929890
24.945330
24.911287
24.895756
24.914415
24.894342
24.867729
24.857153
24.835550
24.793760
24.799843
24.783283
24.714367
24.734247
24.723846
24.676693
24.677353
24.602312
24.608809
24.673630
24.642588
24.655704
24.590019
24.571117
24.555353
24.581408
24.574663
24.532543
24.525511
24.528227
24.531347
24.492212
24.499945
24.515759
24.469734
24.455406
24.430227
24.462036
24.431320
24.415888
24.463535
24.396233
24.400616
24.389589
24.380838
24.341181
24.361618
24.386856
24.368910
24.401464
24.366322
24.310007
24.347776
24.326420
24.381693
24.318764
24.326904
24.360956
24.321581
24.356794
24.335785
24.289360
24.328959
24.333838
24.308434
24.265263
24.328474
24.313749
24.278801
24.277882
24.318478
24.262918
24.283308
24.314211
24.226374
24.268570
24.262724
24.252583
24.268391
24.203938
24.210682
24.234612
24.250412
24.244789
24.338049
24.251646
24.212231
24.253498
24.190550
24.235785
24.251001
24.215731
24.156513
24.184738
24.279881
24.193800
24.194288
24.259382
24.197527
24.159975
24.151287
24.211796
24.151808
24.164169
24.256815
24.164305
24.149736
24.185867
24.203407
24.138638
24.158838
24.152840
24.176544
24.127174
24.164785
24.192448
24.150856
24.099028
24.179512
24.138199
24.156063
24.146267
24.170889
24.114513
24.175306
24.242500
24.132711
24.121635
24.033653
24.086195
24.114559
24.137260
