2.563507
1.404403
1.027485
0.896758
0.820460
0.787949
0.747111
0.743120
0.717946
0.718924
0.705444
0.698370
0.691288
0.688803
0.689377
0.681089
0.678489
0.676700
0.672785
0.670673
0.668945
0.666261
0.663800
0.663538
0.660724
0.660860
0.657382
0.656042
0.653594
0.652721
0.651737
0.649095
0.648638
0.646525
0.645415
0.643505
0.641970
0.640925
0.639504
0.638422
0.635943
0.634938
0.632411
0.632118
0.630277
0.629431
0.628477
0.626384
0.624489
0.623028
0.622419
0.621225
0.620016
0.618472
0.616355
0.615898
0.612873
0.611400
0.609578
0.608660
0.608695
0.606105
0.603854
0.603877
0.602318
0.601563
0.599075
0.597616
0.595825
0.595363
0.593720
0.592919
0.590585
0.589414
0.589288
0.587386
0.583898
0.582531
0.583323
0.580708
0.580303
0.578087
0.577192
0.576452
0.573554
0.573871
0.569936
0.569322
0.568732
0.566606
0.565247
0.563121
0.563650
0.561665
0.560036
0.559853
0.557470
0.554858
0.554775
0.552389
0.551398
0.548024
0.548502
0.546613
0.545582
0.544518
0.541017
0.542229
0.540752
0.538209
0.537116
0.535220
0.533442
0.532856
0.531419
0.529358
0.528913
0.526299
0.526279
0.525399
0.524374
0.523521
0.521167
0.519067
0.518696
0.517679
0.515329
0.514423
0.514466
0.512667
0.510665
0.509633
0.507645
0.507832
0.506955
0.505859
0.503278
0.502903
0.502594
0.501162
0.500023
0.498810
0.497311
0.496877
0.495877
0.494959
0.493626
0.492503
0.490494
0.489449
0.490432
0.488936
0.488237
0.486263
0.484926
0.483692
0.484463
0.482409
0.481809
0.480899
0.481192
0.478922
0.479270
0.477020
0.476883
0.476758
0.474682
0.473948
0.473898
0.472179
0.471785
0.471249
0.469687
0.469709
0.468747
0.468791
0.468141
0.467216
0.465709
0.464345
0.463949
0.464053
0.463687
0.463320
0.462116
0.460687
0.461685
0.460680
0.460224
0.458965
0.458942
0.457679
0.457833
0.457591
0.456650
0.455511
0.455175
0.455071
0.454758
0.454283
