2.032430
1.241983
1.005754
0.890006
0.824428
0.787032
0.762749
0.746094
0.732967
0.723055
0.714784
0.708046
0.702309
0.697234
0.693655
0.690148
0.686773
0.683383
0.680911
0.677763
0.675662
0.672792
0.670292
0.669262
0.666203
0.664792
0.662757
0.660837
0.658634
0.657342
0.656315
0.653537
0.652915
0.650521
0.649258
0.647233
0.645505
0.644312
0.642777
0.641545
0.638933
0.637772
0.635336
0.634856
0.632829
0.631955
0.630904
0.628717
0.626733
0.625162
0.624549
0.623329
0.622020
0.620627
0.618255
0.617752
0.614755
0.613161
0.611243
0.610395
0.610251
0.607691
0.605408
0.605461
0.603710
0.602948
0.600366
0.598961
0.597267
0.596535
0.594922
0.593888
0.591869
0.590582
0.590170
0.588283
0.584844
0.583497
0.584223
0.581492
0.581223
0.578911
0.578010
0.577418
0.574255
0.574675
0.570640
0.570047
0.569531
0.567154
0.565991
0.563802
0.564302
0.562303
0.560614
0.560470
0.558090
0.555576
0.555227
0.552823
0.551915
0.548714
0.549052
0.547201
0.546041
0.544962
0.541491
0.542588
0.541245
0.538625
0.537573
0.535427
0.533605
0.533362
0.531851
0.529751
0.529218
0.526625
0.526572
0.525647
0.524742
0.523913
0.521476
0.519390
0.518922
0.518008
0.515610
0.514671
0.514654
0.513015
0.510946
0.509650
0.507785
0.508089
0.507243
0.506021
0.503454
0.503178
0.502773
0.501437
0.500222
0.498959
0.497379
0.497046
0.496129
0.495148
0.493648
0.492623
0.490691
0.489590
0.490622
0.489100
0.488383
0.486458
0.485115
0.483849
0.484644
0.482581
0.481928
0.481101
0.481266
0.479077
0.479420
0.477167
0.476923
0.476813
0.474807
0.474043
0.474049
0.472309
0.471829
0.471268
0.469799
0.469829
0.468817
0.468892
0.468200
0.467349
0.465847
0.464470
0.464016
0.464100
0.463793
0.463374
0.462223
0.460751
0.461775
0.460751
0.460239
0.459073
0.459037
0.457787
0.457929
0.457610
0.456747
0.455653
0.455247
0.455169
0.454876
0.454313
